<?xml version="1.0" encoding="UTF-8"?>
<!-- Generated by org.testng.reporters.JUnitReportReporter -->
<testsuite hostname="DESKTOP-GB9EF87" failures="0" tests="4" name="API_Test_Automation" time="2.804" errors="0" timestamp="2024-01-18T02:19:37 TRT" skipped="0">
  <testcase classname="API_Test_Automation" name="Create" time="1.968"/>
  <testcase classname="API_Test_Automation" name="ListResource" time="0.699"/>
  <testcase classname="API_Test_Automation" name="ListUsers" time="0.060"/>
  <testcase classname="API_Test_Automation" name="SingleUser" time="0.077"/>
</testsuite> <!-- API_Test_Automation -->
